RamayanaKavyasaraTilaka Madhuravani 1972.pdf
RamayanaKavyasaraTilaka Madhuravani 1972.pdf
Josue-Hardigree_CV_Exponent.pdf
RamayanaKavyasaraTilaka Madhuravani 1972.pdf
Achyutaraya Abhyudayam Rajanatra Krishnamachariar R. V.  Part 1 Sri Vani Vilas Press.pdf
Achyutaraya Abhyudayam Rajanatra Krishna Aiyangar A. N. Part 2 Adyar Library (MS).pdf
Buddhacharita Ashvaghosha Commentary Appa Shastri Ed Rashivadekar Ed Sovani VV.pdf
Saundarananda Ashvaghosha EH Johnston.pdf
Arjunaravaniyam bhumabhatta.pdf
Buddhacharita of Ashvaghosha or Acts of Buddha Johnston EH MLBD (Complete All 3 Parts).pdf
Yadusundara_Mahakavya_002642_HR.pdf
Yadusundara_Mahakavya_002642_HR_iast.pdf
Virodaya_Mahakavya_002761_HR.pdf
Virodaya_Mahakavya_002761_HR_iast.pdf
Vijayanand_abhyudayam_or_Atmaramji_charitam_004562_HR.pdf
Vijayanand_abhyudayam_or_Atmaramji_charitam_004562_HR_iast.pdf
Vijaya Prasasthi Mahakavya Hema Vijaya Vijaya Pradipika Guna Vijaya Ed. Haragovind Das, Becilar Das.pdf
Vijaya Prasasthi Mahakavya Hema Vijaya Vijaya Pradipika Guna Vijaya Ed. Haragovind Das, Becilar Das_iast.pdf
vijay_prashasti_mahakavyam_002311_hr6.pdf
vijay_prashasti_mahakavyam_002311_hr6_iast.pdf
vijay_prashasti_mahakavyam_002311_hr6 (1).pdf
vijay_prashasti_mahakavyam_002311_hr6 (1)_iast.pdf
Vasantavilasa Mahakavya - Chimanlal D Dalal 2010.pdf
Vasantavilasa Mahakavya - Chimanlal D Dalal 2010_iast.pdf
Vasant_Vilas_Mahakavyam_009570_std.pdf
Vasant_Vilas_Mahakavyam_009570_std_iast.pdf
Sudarshanodaya_Mahakavya_002749_HR.pdf
Sudarshanodaya_Mahakavya_002749_HR_iast.pdf
Soundarananda Asvaghosa Hindi Trans Surya Naryan Choudhuri.pdf
Soundarananda Asvaghosa Hindi Trans Surya Naryan Choudhuri_iast.pdf
shridhar_charit_mahakavyam_020723_hr3.pdf
shridhar_charit_mahakavyam_020723_hr3_iast.pdf
Shishupal_vadha_Mahakavyam_009569_std.pdf
Shishupal_vadha_Mahakavyam_009569_std_iast.pdf
Shantinath_Mahakavyam_Part_03_004314_HR6.pdf
Shantinath_Mahakavyam_Part_03_004314_HR6_iast.pdf
shantinath_mahakavyam_part_02_004313_hr6.pdf
shantinath_mahakavyam_part_02_004313_hr6_iast.pdf
shantinath_mahakavyam_part_01_004312_hr6.pdf
shantinath_mahakavyam_part_01_004312_hr6_iast.pdf
Shalibhadra_Mahakavyam_008969_std.pdf
Shalibhadra_Mahakavyam_008969_std_iast.pdf
Setu_bandh_maha_kavyam_001887_HR.pdf
Setu_bandh_maha_kavyam_001887_HR_iast.pdf
Saundarananda Ashvaghosha EH Johnston.pdf
Saundarananda Ashvaghosha EH Johnston_iast.pdf
Sapta_sandhan_Mahakavya_008453_std.pdf
Sapta_sandhan_Mahakavya_008453_std_iast.pdf
samta_mahodadhi_mahakavyam_002349_hr6.pdf
samta_mahodadhi_mahakavyam_002349_hr6_iast.pdf
Roodbergen, up to p369, Mallinatha Ghantapatha on Kiratarjuniya 1-6.pdf
Roodbergen, up to p369, Mallinatha Ghantapatha on Kiratarjuniya 1-6_iast.pdf
Roodbergen, p369-end, Mallinatha Kiratarjuniya 1-6.pdf
Roodbergen, p369-end, Mallinatha Kiratarjuniya 1-6_iast.pdf
Roodbergen Canto 18.pdf
Roodbergen Canto 18_iast.pdf
Roodbergen Canto 9_2.pdf
Roodbergen Canto 9_2_iast.pdf
Roodbergen Canto 9_1.pdf
Roodbergen Canto 9_1_iast.pdf
Roodbergen Canto 8_2.pdf
Roodbergen Canto 8_2_iast.pdf
Roodbergen Canto 8_1.pdf
Roodbergen Canto 8_1_iast.pdf
Rajvinod_Mahakavyam_003398_HR.pdf
Rajvinod_Mahakavyam_003398_HR_iast.pdf
Raghuvansh_Mahakavyam_009567_std.pdf
Raghuvansh_Mahakavyam_009567_std_iast.pdf
Raghuvamsha with Prakashika by Arunagirinatha, vol. 2.pdf
Raghuvamsha with Prakashika by Arunagirinatha, vol. 2_iast.pdf
Raghuvamsha with Mallinatha ed, Nandargikar 1897 3rd ed.pdf
Raghuvamsha with Mallinatha ed, Nandargikar 1897 3rd ed_iast.pdf
Raghuvamsha Jinasamudra Commentary.pdf
Raghuvamsha Jinasamudra Commentary_iast.pdf
raghuvamsa_NSP_1925.pdf
raghuvamsa_NSP_1925_iast.pdf
raghuvamsa_NSP_1882.pdf
raghuvamsa_NSP_1882_iast.pdf
raghuvamsa_ed_Nandargikar_1971.pdf
raghuvamsa_ed_Nandargikar_1971_iast.pdf
raghuvamsa_ed_dvivedi.pdf
raghuvamsa_ed_dvivedi_iast.pdf
raghuvamsa_14-19_ed_Pandit_1874.pdf
raghuvamsa_14-19_ed_Pandit_1874_iast.pdf
raghuvamsa_1-6_ed_Pandit_1897.pdf
raghuvamsa_1-6_ed_Pandit_1897_iast.pdf
Raghuvamsa Kalidasa Prakasika Aruna Giri Natha Padartha Dipika Narayana Pandita Ed. Raman Nambiar Vol 1.pdf
Raghuvamsa Kalidasa Prakasika Aruna Giri Natha Padartha Dipika Narayana Pandita Ed. Raman Nambiar Vol 1_iast.pdf
Raghuvamsa Kalidasa Moreshwar Ramachandra Kale.pdf
Raghuvamsa Kalidasa Moreshwar Ramachandra Kale_iast.pdf
Raghuvamsa Kalidasa Commentary Mallinatha Gopal Raghunath Nandargikar 1897.pdf
Raghuvamsa Kalidasa Commentary Mallinatha Gopal Raghunath Nandargikar 1897_iast.pdf
Raghuvamsa English Translation Johnstone.pdf
Raghuvamsa English Translation Johnstone_iast.pdf
raghu6.pdf
raghu6_iast.pdf
raghu5.pdf
raghu5_iast.pdf
raghu4.pdf
raghu4_iast.pdf
raghu3.pdf
raghu3_iast.pdf
raghu2.pdf
raghu2_iast.pdf
raghu1.pdf
raghu1_iast.pdf
raghu preface and notes.pdf
raghu preface and notes_iast.pdf
Parshvanatha_Charita_Mahakavya_002632_HR.pdf
Parshvanatha_Charita_Mahakavya_002632_HR_iast.pdf
pandav_charitra_mahakavyam_023200_hr6.pdf
pandav_charitra_mahakavyam_023200_hr6_iast.pdf
pandav_charitra_mahakavya_023187_hr6.pdf
pandav_charitra_mahakavya_023187_hr6_iast.pdf
Neminath_Mahakavyam_010429_std.pdf
Neminath_Mahakavyam_010429_std_iast.pdf
Naranaraya Nananda Mahakavya Vastupala Ed. Dalal C.D. Ananta Krisha Shastry R. University of Baroda 2 (MS).pdf
Naranaraya Nananda Mahakavya Vastupala Ed. Dalal C.D. Ananta Krisha Shastry R. University of Baroda 2 (MS)_iast.pdf
Nanaka Chandrodaya Mahakavya of Devaraja Sarma  Vrajanatha Jha Sampoornanad University.pdf
Nanaka Chandrodaya Mahakavya of Devaraja Sarma  Vrajanatha Jha Sampoornanad University_iast.pdf
NalabhyudayaOfVamanaBhattaBana-TGanapati_sastri1907.pdf
NalabhyudayaOfVamanaBhattaBana-TGanapati_sastri1907_iast.pdf
Naishadhacharita English Translation - K.K.Handiqui 1956.pdf
Naishadhacharita English Translation - K.K.Handiqui 1956_iast.pdf
Naishadha of Shriharsha Uttara 2 Commentary of Narayana.pdf
Naishadha of Shriharsha Uttara 2 Commentary of Narayana_iast.pdf
Naishadha of Shriharsha Uttara 1 Commentary of Narayana.pdf
Naishadha of Shriharsha Uttara 1 Commentary of Narayana_iast.pdf
Naishadha of Shriharsha Purva Commentary of Premachandratarkavagisha.pdf
Naishadha of Shriharsha Purva Commentary of Premachandratarkavagisha_iast.pdf
naishadh_mahakavyam_purvarddham_032781_hr6.pdf
naishadh_mahakavyam_purvarddham_032781_hr6_iast.pdf
mallinath_charitra_mahakavya_part_02_022696_hr6.pdf
mallinath_charitra_mahakavya_part_02_022696_hr6_iast.pdf
mallinath_charitra_mahakavya_part_01_022695_hr6.pdf
mallinath_charitra_mahakavya_part_01_022695_hr6_iast.pdf
MalayaSundariCharitra Mahakavya JayaTilakaSuri.pdf
MalayaSundariCharitra Mahakavya JayaTilakaSuri_iast.pdf
Madhuravijayam Gangadevi Tenali Edition 1969.pdf
Madhuravijayam Gangadevi Tenali Edition 1969_iast.pdf
Madhuravijaya with Commentary 1969.pdf
Madhuravijaya with Commentary 1969_iast.pdf
Madhuravijaya of Gangadevi Thiruvenkatachari mUla and translation.pdf
Madhuravijaya of Gangadevi Thiruvenkatachari mUla and translation_iast.pdf
madhuravijaya gangadevi trivandrum 1924.pdf
madhuravijaya gangadevi trivandrum 1924_iast.pdf
Madhura Vijaya Or Virakamparaya Charita Gangadevi 1924.pdf
Madhura Vijaya Or Virakamparaya Charita Gangadevi 1924_iast.pdf
Kumarasambhava The Origin of A Young God Hank Heifetz.pdf
Kumarasambhava The Origin of A Young God Hank Heifetz_iast.pdf
Kumarasambhava Kalidasa Vallabha Deva Tika Ed. Narayana Murti M.S. Klaus Janert L..pdf
Kumarasambhava Kalidasa Vallabha Deva Tika Ed. Narayana Murti M.S. Klaus Janert L._iast.pdf
Kumarasambhava Kalidasa Prakasika _ Vivarana Sampoornand University.pdf
Kumarasambhava Kalidasa Prakasika _ Vivarana Sampoornand University_iast.pdf
Kumarasambhava Kalidasa Karmarkar 2003 ed.pdf
Kumarasambhava Kalidasa Karmarkar 2003 ed_iast.pdf
Kumarasambhava (Gary Tubb Thesis ) in the light of Indian Theories of Mahakavya.pdf
Kumarasambhava (Gary Tubb Thesis ) in the light of Indian Theories of Mahakavya_iast.pdf
Kiratarjuniyam MCL Arjuna and the Hunter Murty Classical Library Indira Peterson.pdf
Kiratarjuniyam MCL Arjuna and the Hunter Murty Classical Library Indira Peterson_iast.pdf
Kiratarjuniyam bharavi with Mallinatha Nirnaya Sagar.pdf
Kiratarjuniyam bharavi with Mallinatha Nirnaya Sagar_iast.pdf
Kiratarjuniya, with three commentaries, sarga 1-3 Jonaraja Laghutika Prakashavarsha Virupaksha Jaddipal.pdf
Kiratarjuniya, with three commentaries, sarga 1-3 Jonaraja Laghutika Prakashavarsha Virupaksha Jaddipal_iast.pdf
Kiratarjuniya tika of Jonaraja NAMAMI.pdf
Kiratarjuniya tika of Jonaraja NAMAMI_iast.pdf
Kiratarjuniya Bharavi ShabdarthaDipika Chitrabhanu Ed. Ganapati Sastri T. University of Travancore 63-split.pdf
Kiratarjuniya Bharavi ShabdarthaDipika Chitrabhanu Ed. Ganapati Sastri T. University of Travancore 63-split_iast.pdf
Kapphina Abhudaya or King Kappihnas Triumph A Ninth Century Kashmiri Buddhist Poem Michael Hahn.pdf
Kapphina Abhudaya or King Kappihnas Triumph A Ninth Century Kashmiri Buddhist Poem Michael Hahn_iast.pdf
Kamabhinandan Mahakavya of Dhandeshwar Series No. 154 - Rajasthan Puratan Granthmala.pdf
Kamabhinandan Mahakavya of Dhandeshwar Series No. 154 - Rajasthan Puratan Granthmala_iast.pdf
Jayodaya_Mahakavya_Uttararnsh_002757_HR.pdf
Jayodaya_Mahakavya_Uttararnsh_002757_HR_iast.pdf
Jayodaya_Mahakavya_Purvardha_002756_HR.pdf
Jayodaya_Mahakavya_Purvardha_002756_HR_iast.pdf
jayoday_mahakavya_ka_adhyayan_006277_hr6.pdf
jayoday_mahakavya_ka_adhyayan_006277_hr6_iast.pdf
jayoday_mahakavya_ka_adhyayan_006277_hr6 (1).pdf
jayoday_mahakavya_ka_adhyayan_006277_hr6 (1)_iast.pdf
Jay_Mahavira_Mahakavya_010255_std.pdf
Jay_Mahavira_Mahakavya_010255_std_iast.pdf
Janakiparinaya_of_Chakrakavi_-_TG_Sastri_1913.pdf
Janakiparinaya_of_Chakrakavi_-_TG_Sastri_1913_iast.pdf
Janaki Parinaya Chakra Kavi Ed. Ganapati Sastri T. University of Travancore 24.pdf
Janaki Parinaya Chakra Kavi Ed. Ganapati Sastri T. University of Travancore 24_iast.pdf
Janaki Harana Krishnaprasad Edition.pdf
Janaki Harana Krishnaprasad Edition_iast.pdf
jain_sanskrit_mahakavya_006165_hr6.pdf
jain_sanskrit_mahakavya_006165_hr6_iast.pdf
Jain_Kumar_Sambhava_Mahakavya_002679_HR.pdf
Jain_Kumar_Sambhava_Mahakavya_002679_HR_iast.pdf
Jagdu_charitam_Mahakavyam_002555_HR.pdf
Jagdu_charitam_Mahakavyam_002555_HR_iast.pdf
Historical Mahakavyas in Sanskrit (Elevnth to Fifteenth Century AD) - Chandra Prabha.pdf
Historical Mahakavyas in Sanskrit (Elevnth to Fifteenth Century AD) - Chandra Prabha_iast.pdf
Hirsundar_maha_kavyam_Part_2_001449_HR.pdf
Hirsundar_maha_kavyam_Part_2_001449_HR_iast.pdf
Hirsundar_maha_kavyam_Part_1_001448_HR.pdf
Hirsundar_maha_kavyam_Part_1_001448_HR_iast.pdf
Heer_Saubhagya_Mahakavyam_002262_HR6.pdf
Heer_Saubhagya_Mahakavyam_002262_HR6_iast.pdf
Hari Charitra Mahakavya Hari Padmanabha Shastri Ed. Venkatacharya T. Adyar (Ramayana in Arya Metre ).pdf
Hari Charitra Mahakavya Hari Padmanabha Shastri Ed. Venkatacharya T. Adyar (Ramayana in Arya Metre )_iast.pdf
Haracharita Chintamani _ Bhikshatana Nag Publications.pdf
Haracharita Chintamani _ Bhikshatana Nag Publications_iast.pdf
Hara Vijayam of Ratnakar Rajanak Second Half No. 17 - Ganga Nath Campus.pdf
Hara Vijayam of Ratnakar Rajanak Second Half No. 17 - Ganga Nath Campus_iast.pdf
Hara Vijayam of Ratnakar Rajanak First Half No.16 - Ganga Nath Campus.pdf
Hara Vijayam of Ratnakar Rajanak First Half No.16 - Ganga Nath Campus_iast.pdf
Hara Vijaya Ratnakara An Introduction to Sanskrit Court Epic David Smith OUP.pdf
Hara Vijaya Ratnakara An Introduction to Sanskrit Court Epic David Smith OUP_iast.pdf
Hara Vijaya Ratnakara A Criticism Santosh Kumari Sharma.pdf
Hara Vijaya Ratnakara A Criticism Santosh Kumari Sharma_iast.pdf
Hara Vijaya Rajanaka Ratnakara Tika Utpala Deva Ratna Kantha Peter Pasedach (sargas 1 _ 2) (Thesis).pdf
Hara Vijaya Rajanaka Ratnakara Tika Utpala Deva Ratna Kantha Peter Pasedach (sargas 1 _ 2) (Thesis)_iast.pdf
Hara Vijaya Rajanaka Ratnakara Tika Rajnaka Alka Ed. Durga Prasada Kasinath Pandurang Parab Chowkambha KM 22.pdf
Hara Vijaya Rajanaka Ratnakara Tika Rajnaka Alka Ed. Durga Prasada Kasinath Pandurang Parab Chowkambha KM 22_iast.pdf
Hammira Mahakavya Naya Chandra Suri Ed. Nilkanth Janardan Kirtane.pdf
Hammira Mahakavya Naya Chandra Suri Ed. Nilkanth Janardan Kirtane_iast.pdf
Gangavataranam Mahakavya Ek Samikshatmak Adhyayan - Omprakash Tiwari 2005 (Thesis).pdf
Gangavataranam Mahakavya Ek Samikshatmak Adhyayan - Omprakash Tiwari 2005 (Thesis)_iast.pdf
Gangavataranam  Of Nilakantha Dikshita1916_bookmarked.pdf
Gangavataranam  Of Nilakantha Dikshita1916_bookmarked_iast.pdf
dwayashray_mahakavya_part_01_023411_hr6.pdf
dwayashray_mahakavya_part_01_023411_hr6_iast.pdf
dwayashray_mahakavya_part_01_023411_hr6 (1).pdf
dwayashray_mahakavya_part_01_023411_hr6 (1)_iast.pdf
Dwashraya_Mahakavyam_010714_std.pdf
Dwashraya_Mahakavyam_010714_std_iast.pdf
dwashray_mahakavya_023389_hr6.pdf
dwashray_mahakavya_023389_hr6_iast.pdf
Draupadi Parinayana by Chakra Kavi  Krishnaswamy Sastri R. Sri Vani Vilas Press.pdf
Draupadi Parinayana by Chakra Kavi  Krishnaswamy Sastri R. Sri Vani Vilas Press_iast.pdf
Digvijaya_Mahakavya_002784_HR.pdf
Digvijaya_Mahakavya_002784_HR_iast.pdf
Dhatu Pradipa of Matreya Rakshita Yudhistir Mimasika Ram Lal Kapoor Trust.pdf
Dhatu Pradipa of Matreya Rakshita Yudhistir Mimasika Ram Lal Kapoor Trust_iast.pdf
Dharmabhyudaya_Mahakavyam_009540_std.pdf
Dharmabhyudaya_Mahakavyam_009540_std_iast.pdf
Dharmabhyudaya_Mahakavya_010638_std.pdf
Dharmabhyudaya_Mahakavya_010638_std_iast.pdf
Dharma_kalpadrum_Mahakavyam_009539_std.pdf
Dharma_kalpadrum_Mahakavyam_009539_std_iast.pdf
Dharm_Kalpdrum_Mahakavya_005772_HR6.pdf
Dharm_Kalpdrum_Mahakavya_005772_HR6_iast.pdf
dhanya_shalibhadra_mahakavyam_020307_hr3.pdf
dhanya_shalibhadra_mahakavyam_020307_hr3_iast.pdf
Devananda_Mahakavya_002517_HR.pdf
Devananda_Mahakavya_002517_HR_iast.pdf
Classical Sanskrit Literature of Kerala Volume 8 Musikavamsa Mahakavya Menon K.P.A. Nag Publications.pdf
Classical Sanskrit Literature of Kerala Volume 8 Musikavamsa Mahakavya Menon K.P.A. Nag Publications_iast.pdf
Chakrapanimahakavyam of Bhatta Lakshmidhara.pdf
Chakrapanimahakavyam of Bhatta Lakshmidhara_iast.pdf
Chakrapanimahakavyam of Bhatta Lakshmidhara copy.pdf
Chakrapanimahakavyam of Bhatta Lakshmidhara copy_iast.pdf
Buddhacharita of Ashvaghosha or Acts of Buddha Johnston EH MLBD (Complete All 3 Parts).pdf
Buddhacharita of Ashvaghosha or Acts of Buddha Johnston EH MLBD (Complete All 3 Parts)_iast.pdf
Buddhacharita Ashvaghosha Commentary Appa Shastri Ed Rashivadekar Ed Sovani VV.pdf
Buddhacharita Ashvaghosha Commentary Appa Shastri Ed Rashivadekar Ed Sovani VV_iast.pdf
Buddhacarita of Ashvaghosa Parkasa Hindi Tika Ramachandra Das Part 2 Chowkambha.pdf
Buddhacarita of Ashvaghosa Parkasa Hindi Tika Ramachandra Das Part 2 Chowkambha_iast.pdf
Buddhacarita of Ashvaghosa Parkasa Hindi Tika Ramachandra Das Part 1 Chowkambha.pdf
Buddhacarita of Ashvaghosa Parkasa Hindi Tika Ramachandra Das Part 1 Chowkambha_iast.pdf
Buddhacarita of Ashvaghosa or Acts of Buddha Johnston E.H. MLBD (Complete All 3 Parts).pdf
Buddhacarita of Ashvaghosa or Acts of Buddha Johnston E.H. MLBD (Complete All 3 Parts)_iast.pdf
Buddhacarita Ashvaghosa Gopal Raghunath Nandargikar.pdf
Buddhacarita Ashvaghosa Gopal Raghunath Nandargikar_iast.pdf
Buddhacarita Ashvaghosa Commentary Appa Shastri Ed. Rashivadekar Ed. Sovani V.V..pdf
Buddhacarita Ashvaghosa Commentary Appa Shastri Ed. Rashivadekar Ed. Sovani V.V._iast.pdf
Buddha Charita Dattatraya Shastri Nigudkar, Joglekar K.M. (Cantos 1-5).pdf
Buddha Charita Dattatraya Shastri Nigudkar, Joglekar K.M. (Cantos 1-5)_iast.pdf
Bhuvan_bhanaviyam_Mahakavyam_009538_std.pdf
Bhuvan_bhanaviyam_Mahakavyam_009538_std_iast.pdf
Bhoja and Harivijaya of Sarvasena Kulkarni, VM. ed. 1991 .pdf
Bhoja and Harivijaya of Sarvasena Kulkarni, VM. ed. 1991 _iast.pdf
bhikshu_mahakavyam_part02_006173_hr6.pdf
bhikshu_mahakavyam_part02_006173_hr6_iast.pdf
bhikshu_mahakavyam_006278_hr6.pdf
bhikshu_mahakavyam_006278_hr6_iast.pdf
bhikshu_mahakavyam_006278_hr6 (1).pdf
bhikshu_mahakavyam_006278_hr6 (1)_iast.pdf
Bhattikavya rasikasanjivini Mallinatha 1-9 Cantos.pdf
Bhattikavya rasikasanjivini Mallinatha 1-9 Cantos_iast.pdf
Bhattikavya Part 2 English Translation.pdf
Bhattikavya Part 2 English Translation_iast.pdf
Bhattikavya Part 1 English Translation.pdf
Bhattikavya Part 1 English Translation_iast.pdf
Bhattikavya marmavimarsika commentary.pdf
Bhattikavya marmavimarsika commentary_iast.pdf
Bhattikavya Clay.pdf
Bhattikavya Clay_iast.pdf
Bhattikavya Bhatti Nirnaya Sagar Jayamangala Commentary Bookmarked.pdf
Bhattikavya Bhatti Nirnaya Sagar Jayamangala Commentary Bookmarked_iast.pdf
Bhatti Kavya Jayamangla of Jaymangala Sarvapthina Mallinatha Ed. Bankelal Misra  Vol 2 Sampurnannd Univesity.pdf
Bhatti Kavya Jayamangla of Jaymangala Sarvapthina Mallinatha Ed. Bankelal Misra  Vol 2 Sampurnannd Univesity_iast.pdf
Bhatti Kavya Jayamangla of Jaymangala Sarvapthina Mallinatha Ed. Bankelal Misra  Vol 1 Sampurnannd Univesity.pdf
Bhatti Kavya Jayamangla of Jaymangala Sarvapthina Mallinatha Ed. Bankelal Misra  Vol 1 Sampurnannd Univesity_iast.pdf
Bhatti Kavya Jayamangala Kale M.R. Cantos 1 to 4 1897.pdf
Bhatti Kavya Jayamangala Kale M.R. Cantos 1 to 4 1897_iast.pdf
Bhattavamsha Mahakavya of Kanthanatha Bhatta.pdf
Bhattavamsha Mahakavya of Kanthanatha Bhatta_iast.pdf
Bhattavamsha Mahakavya of Kanthanatha Bhatta copy.pdf
Bhattavamsha Mahakavya of Kanthanatha Bhatta copy_iast.pdf
Bharatamanjari of Kshemendra.pdf
Bharatamanjari of Kshemendra_iast.pdf
Bharat_Bahubali_Mahakavyam_005718_HR6.pdf
Bharat_Bahubali_Mahakavyam_005718_HR6_iast.pdf
Bharat_Bahubali_Mahakavyam_002255_HR6.pdf
Bharat_Bahubali_Mahakavyam_002255_HR6_iast.pdf
Balabharata - A Critical Study - KGP Rao 1992.pdf
Balabharata - A Critical Study - KGP Rao 1992_iast.pdf
Bala Bharata of Agastya Pandita  Rama Murti K.S. Venkateswar Unversity.pdf
Bala Bharata of Agastya Pandita  Rama Murti K.S. Venkateswar Unversity_iast.pdf
Arjunaravaniyam bhumabhatta.pdf
Arjunaravaniyam bhumabhatta_iast.pdf
Achyutaraya Abhyudayam Rajanatra Krishnamachariar R. V.  Part 1 Sri Vani Vilas Press.pdf
Achyutaraya Abhyudayam Rajanatra Krishnamachariar R. V.  Part 1 Sri Vani Vilas Press_iast.pdf
Achyutaraya Abhyudayam Rajanatra Krishna Aiyangar A. N. Part 2 Adyar Library (MS).pdf
Achyutaraya Abhyudayam Rajanatra Krishna Aiyangar A. N. Part 2 Adyar Library (MS)_iast.pdf
15_appendix.pdf
15_appendix_iast.pdf
14_chapter 9.pdf
14_chapter 9_iast.pdf
13_selected bibliography.pdf
13_selected bibliography_iast.pdf
13_chapter 8.pdf
13_chapter 8_iast.pdf
12_chapter 7.pdf
12_chapter 7_iast.pdf
11_chapter 6.pdf
11_chapter 6_iast.pdf
10_chapter 5.pdf
10_chapter 5_iast.pdf
09_chapter 4.pdf
09_chapter 4_iast.pdf
08_chapter 3.pdf
08_chapter 3_iast.pdf
07_chapter 2.pdf
07_chapter 2_iast.pdf
06_chapter 1.pdf
06_chapter 1_iast.pdf
05_contents.pdf
05_contents_iast.pdf
05_bibliography.pdf
05_bibliography_iast.pdf
04_acknowledgement.pdf
04_acknowledgement_iast.pdf
04_abbreviation.pdf
04_abbreviation_iast.pdf
03_content.pdf
03_content_iast.pdf
03_certificate.pdf
03_certificate_iast.pdf
02_preface.pdf
02_preface_iast.pdf
02_declaration.pdf
02_declaration_iast.pdf
01_title.pdf
01_title_iast.pdf
01_title page.pdf
01_title page_iast.pdfBala Bharata of Agastya Pandita  Rama Murti K.S. Venkateswar Unversity.pdf
Soundarananda Asvaghosa Hindi Trans Surya Naryan Choudhuri.pdf
Balabharata - A Critical Study - KGP Rao 1992.pdf
Bhattavamsha Mahakavya of Kanthanatha Bhatta copy.pdf
Bharatamanjari of Kshemendra.pdf
Pramoda Mahakavya Anup Narayan Bhattachary.pdf
Hara Vijaya Rajanaka Ratnakara Tika Utpala Deva Ratna Kantha Peter Pasedach (sargas 1 & 2) (Thesis).pdf
Pandavacharitam of Lakshmidatta.pdf
Raghunathabhyudaya Of Ramabhadramba Chintamani TR Madras.pdf
Paramanandakavyam of Kavindra Paramananda 1952 (GOS).pdf
Rama Vijaya Mahakavya of Rupa Natha Upadhyaya Ed Ganapathi Lal Jha Sampoornanada (MS).pdf
Haracharita Chintamani & Bhikshatana Nag Publications.pdf
Kumarasambhava Kalidasa Prakasika & Vivarana Sampoornand University.pdf
Ramabhadramba Kavayatriya Ragunathabyudaya Mahakavyada Vimarshatmaka Adyayana (Kannada) (Thesis).pdf
Ramacarita_translation_Victor_Davella.pdf
Ramacharita Sarga 1 Suhas Comments.pdf
Rajatarangini Kalhana.pdf
01_title_page.pdf
02_content.pdf
03_chapter_1.pdf
04_chapter_2.pdf
05_chapter_3.pdf
08_appendix_1.pdf
06_chapter.pdf
Rajatarangini-of-Kalhana-I-Vishwabandhu-2.pdf
09_appendix_2.pdf
10_bibliography.pdf
Raj Ratnakar Mahakavya by Maha Kavi Sadashiv Series No. 201 - Rajasthan Puratan Granthmala.pdf
11_appendix_4.pdf
07_chapter.pdf
Ramacharita of Abhinanda Literary Cultural Study Promila Vatsyayan.pdf
12_index.pdf
Ramacharita Abhinanda Chotelal Tripathi 2004.pdf
Abhinanda Ramacharita.pdf
Ramaniya Vilasa Mahakavyam K R Vishvantha Sastri (Corrected).pdf
Rukminimangala mahakavya of Balamukundabhatta copy 3.pdf
Raamacarita_MS_Jodhpur(1).pdf
Rukminimangala mahakavya of Balamukundabhatta copy 2.pdf
Rukminikalyana Mahakavya with Commentary 1929 (Adyar).pdf
Rukminimangala mahakavya of Balamukundabhatta.pdf
Rukminimangala mahakavya of Balamukundabhatta copy.pdf
Rajatarangini Englsh Translation - Ranjit Sitaram Pandit.pdf
Sanskrit Mahakavyas of Kerala A Historical Survey - L Sulochana Devi 1987 (Thesis).pdf
Sisupalavadha Mahakavya Me Alankar Ek Anusilan - Divakar Upadhyaya 2011 (Thesis).pdf
Shatru Shalya Charita Mahakavya of Vishwanatha Part 1  Bhola Shankar Vyas .pdf
Sisupalavadha Mahakavya Ke Kriyapadon Ka Vyakaranatmak Adhyayan - Krishna Datta Dvivedi 2006 (Thesis).pdf
Shishupalavadha Magha Full German Translation Eugen Hultzsch 1929.pdf
Sisupalavadha Mahakavyam - GS Musalgaonkar 1998.pdf
Siva Bharata of Nivaskara Kavindra Paramananda Ed. Purushotham Sastri Ranade Anand Ashram 133.pdf
Ramacharita Mahakavya of Vidvad Yuvaraja an Kochunni Raja Commentary by Narayana Pisaroti Narayana Pisaroti.pdf
Sarkar 2013 What makes a good poet according to Someshvaradeva Surathotsava.pdf
Sivalilarnava Mahakavya Ek Samikshatmak Adhyayan - Neetu Yadav 2010 (Thesis) HR.pdf
Sarkar 2014 Poetics and morality in Surathotsava and Kirtikaumudi Someshvaradeva.pdf
Soundarananda Asvaghosa  Johnston E.H. OUP.pdf
Shishupalavadha Magha Killing of Shishupala Paul Dundas Murty Classical Library.pdf
Sri Jagajjivan Bhatta Krita Ajitodaya Mahakavyam A Critical Study - Sujatha Anand Dixit 2002 (Thesis).pdf
Sarkar 2018 Texts and translations from the Surathotsava and the Durgavilasa Someshvaradeva.pdf
Suryacharita Mahakavyam - Pt Taradatta Pant 1867.pdf
Surathotsava Someshvaradeva Kavyamala 73.pdf
Surathotsava Bookmarked Someshvara 1902 Nirnaya Sagar.pdf
Tilakamanjarisangraha - Krishna Suri (Krishnamacharya) 1909 (SVV).pdf
Sivabhaarata of Kavindra Paramananda with Marathi translation Sadshiva Mahdev Divekar 1927.pdf
Veerakrishnavijaya Mahakavyam - Maheshwar Shastry 1952.pdf
Srikanthacharita Mankhaka Kavi Commentary Jonaraja Wasudev Laxman Shastri Paniskar MLBD.pdf
Shishupalavadha Mallinatha Vallabha Haridas Granthamala Bookmarked.pdf
Vikrama Deva Charita Bilhana Georg Buhler 1875 BSS 25.pdf
Vikrama Deva Charita Bilhana Sudha Sanskrit Sudharsha Hindi Commentaries  Har Govind Sastri Chowkambha.pdf
Tripura Dahana of Vaudeva Critical Edition.pdf
Vikrama Deva Charita Bilhana Ed. Vishwanath Shastri Bhardwaj Vol 2 Cantos 8-13 Benaras Hindu University.pdf
Yadavabhyudayam Vedanta Desika English.pdf
Vikrama Deva Charita Bilhana Ed. Vishwanath Shastri Bhardwaj Vol 3 Cantos 14-18 Benaras Hindu University.pdf
Vikrama Deva Charita Bilhana Ed. Vishwanath Shastri Bhardwaj Vol 1 Cantos 1-8 Benaras Hindu University.pdf
kapphinabhyudaya  shivasvami gauri shankar and michael hahn.pdf
kartaviryodaya Sukritidatta Panta Nepal Johannes Schneider 1996.pdf
Exhaustive Notes on Harsha Charita Rajiv Ramachandra Kale 1892.pdf
Kirata Arjuniya Bharavi Kale V.M. (Canto (1-3) MLBD 1998.pdf
Kumarasambhava Kalidasa Moreshwar Ramachandra Kale (Cantos 1-7).pdf
Meghaduta Kalidasa Moreshwar Ramachandra Kale.pdf
Meghaduta Kalidasa Moreshwar Ramachandra Kale copy.pdf
Dasakumara Charita Dandi Moreshwar Ramachandra Kale 1900 Alt.pdf
Dasakumara Charita Dandi Moreshwar Ramachandra Kale MLBD 1940.pdf
Niti Sataka Ed. Kale M.R., Gurjar M.B..pdf
Niti Sataka and Vairagya Sataka Bhartrhari Kale M.R. 1913 (Gopal Narayan & Co) POOR.pdf
Nagananda Sriharsa Ed. Moreshwar Ramachandra Kale POOR.pdf
Niti and Vairagya Satakas - MR Kale 1902.pdf
Dasakumara Charita Dandi Moreshwar Ramachandra Kale 1926.pdf
Abhijnana Sakuntalam - MR Kale 1969 POOR.pdf
Mricchakatikam with Skt Tika & Notes - MR Kale 1962.pdf
Sahitya Sangraha M.R. Kale-split.pdf
Panchatantra - MR Kale 1995 (MLBD) POOR.pdf
Pratima Nataka Bhasa Kale M.R. Gopal Nareeyan & Co. ( Sanskrit Text Only Incomplete Book).pdf
Ratnavali of Sriharsha Kale M.R. MLBD-split.pdf
Kadambari Bana (Purva Bhaga) Tattva Prakasika Moreshwar Ramachandra Kale 1928.pdf
Vikramorvasiya Kalidasa Arthaprakasika Moreshwar Ramachandra Kale.pdf
Vikramorvasiya Of Kalidasa with Sanskrit Commentary & English Translation - MR Kale 1898.pdf
Uttara Rama Charita Commenatry of Vira Raghava Moreshwar Ramachandra Kale POOR.pdf
Vikramorvasiya Of Kalidasa with Sanskrit Commentary & English Translation - MR Kale 1915.pdf
Panchatantra Kale M.R. MLBD-split.pdf
maalatiimaadhava_ed_kale_1913.pdf
malatimadhava_translation_kale_1928.pdf
mudrarakshasa vishakadatta kale.pdf
